  GameLoop.cpp
c:\users\zvezd\desktop\gameas\sfml template\sfml template\serverwindow.cpp(127): warning C4244: 'argument': conversion from 'int' to 'float', possible loss of data
c:\users\zvezd\desktop\gameas\sfml template\sfml template\serverwindow.cpp(148): warning C4244: 'argument': conversion from 'int' to 'float', possible loss of data
c:\users\zvezd\desktop\gameas\sfml template\sfml template\serverwindow.cpp(149): warning C4244: 'argument': conversion from 'int' to 'float', possible loss of data
c:\users\zvezd\desktop\gameas\sfml template\sfml template\serverwindow.cpp(150): warning C4244: 'argument': conversion from 'int' to 'float', possible loss of data
c:\users\zvezd\desktop\gameas\sfml template\sfml template\serverwindow.cpp(151): warning C4244: 'argument': conversion from 'int' to 'float', possible loss of data
c:\users\zvezd\desktop\gameas\sfml template\sfml template\serverwindow.cpp(152): warning C4244: 'argument': conversion from 'int' to 'float', possible loss of data
c:\users\zvezd\desktop\gameas\sfml template\sfml template\serverwindow.cpp(153): warning C4244: 'argument': conversion from 'int' to 'float', possible loss of data
c:\users\zvezd\desktop\gameas\sfml template\sfml template\serverwindow.cpp(154): warning C4244: 'argument': conversion from 'int' to 'float', possible loss of data
c:\users\zvezd\desktop\gameas\sfml template\sfml template\serverwindow.cpp(155): warning C4244: 'argument': conversion from 'int' to 'float', possible loss of data
c:\users\zvezd\desktop\gameas\sfml template\sfml template\serverwindow.cpp(156): warning C4244: 'argument': conversion from 'int' to 'float', possible loss of data
c:\users\zvezd\desktop\gameas\sfml template\sfml template\serverwindow.cpp(157): warning C4244: 'argument': conversion from 'int' to 'float', possible loss of data
c:\users\zvezd\desktop\gameas\sfml template\sfml template\serverwindow.cpp(158): warning C4244: 'argument': conversion from 'int' to 'float', possible loss of data
c:\users\zvezd\desktop\gameas\sfml template\sfml template\serverwindow.cpp(159): warning C4244: 'argument': conversion from 'int' to 'float', possible loss of data
c:\users\zvezd\desktop\gameas\sfml template\sfml template\serverwindow.cpp(160): warning C4244: 'argument': conversion from 'int' to 'float', possible loss of data
c:\users\zvezd\desktop\gameas\sfml template\sfml template\serverwindow.cpp(161): warning C4244: 'argument': conversion from 'int' to 'float', possible loss of data
c:\users\zvezd\desktop\gameas\sfml template\sfml template\serverwindow.cpp(272): warning C4244: 'argument': conversion from 'int' to 'float', possible loss of data
c:\users\zvezd\desktop\gameas\sfml template\sfml template\serverwindow.cpp(276): warning C4244: 'argument': conversion from 'int' to 'float', possible loss of data
c:\users\zvezd\desktop\gameas\sfml template\sfml template\serverwindow.cpp(280): warning C4244: 'argument': conversion from 'int' to 'float', possible loss of data
c:\users\zvezd\desktop\gameas\sfml template\sfml template\serverwindow.cpp(284): warning C4244: 'argument': conversion from 'int' to 'float', possible loss of data
c:\users\zvezd\desktop\gameas\sfml template\sfml template\serverwindow.cpp(288): warning C4244: 'argument': conversion from 'int' to 'float', possible loss of data
c:\users\zvezd\desktop\gameas\sfml template\sfml template\serverwindow.cpp(293): warning C4244: 'argument': conversion from 'int' to 'float', possible loss of data
c:\users\zvezd\desktop\gameas\sfml template\sfml template\serverwindow.cpp(300): warning C4244: 'argument': conversion from 'int' to 'float', possible loss of data
c:\users\zvezd\desktop\gameas\sfml template\sfml template\serverwindow.cpp(304): warning C4244: 'argument': conversion from 'int' to 'float', possible loss of data
c:\users\zvezd\desktop\gameas\sfml template\sfml template\serverwindow.cpp(308): warning C4244: 'argument': conversion from 'int' to 'float', possible loss of data
c:\users\zvezd\desktop\gameas\sfml template\sfml template\serverwindow.cpp(312): warning C4244: 'argument': conversion from 'int' to 'float', possible loss of data
c:\users\zvezd\desktop\gameas\sfml template\sfml template\serverwindow.cpp(366): warning C4244: 'argument': conversion from 'int' to 'float', possible loss of data
c:\users\zvezd\desktop\gameas\sfml template\sfml template\serverwindow.cpp(367): warning C4244: 'argument': conversion from 'int' to 'float', possible loss of data
  Generating code
  2 of 580 functions ( 0.3%) were compiled, the rest were copied from previous compilation.
    0 functions were new in current compilation
    0 functions had inline decision re-evaluated but remain unchanged
  Finished generating code
  SFML Template.vcxproj -> C:\Users\zvezd\Desktop\GAMEAS\SFML Template\Release\Game.exe
